<?xml version="1.0" encoding="UTF-8"?>
<coverage generated="1744212725">
  <project timestamp="1744212725">
    <file name="/home/runner/work/file-manipulation/file-manipulation/src/FileInterface.php">
      <metrics loc="35" ncloc="15" classes="0" methods="0" coveredmethods="0" conditionals="0" coveredconditionals="0" statements="0" coveredstatements="0" elements="0" coveredelements="0"/>
    </file>
    <package name="MulerTech\FileManipulation">
      <file name="/home/runner/work/file-manipulation/file-manipulation/src/FileManipulation.php">
        <class name="MulerTech\FileManipulation\FileManipulation" namespace="MulerTech\FileManipulation">
          <metrics complexity="56" methods="20" coveredmethods="20" conditionals="0" coveredconditionals="0" statements="112" coveredstatements="112" elements="132" coveredelements="132"/>
        </class>
        <line num="21" type="method" name="__construct" visibility="public" complexity="1" crap="1" count="41"/>
        <line num="25" type="stmt" count="41"/>
        <line num="30" type="method" name="checkExtension" visibility="public" complexity="5" crap="5" count="4"/>
        <line num="32" type="stmt" count="4"/>
        <line num="34" type="stmt" count="4"/>
        <line num="35" type="stmt" count="1"/>
        <line num="36" type="stmt" count="1"/>
        <line num="37" type="stmt" count="1"/>
        <line num="38" type="stmt" count="1"/>
        <line num="39" type="stmt" count="1"/>
        <line num="40" type="stmt" count="1"/>
        <line num="43" type="stmt" count="3"/>
        <line num="44" type="stmt" count="1"/>
        <line num="45" type="stmt" count="1"/>
        <line num="46" type="stmt" count="1"/>
        <line num="47" type="stmt" count="1"/>
        <line num="48" type="stmt" count="1"/>
        <line num="49" type="stmt" count="1"/>
        <line num="52" type="stmt" count="2"/>
        <line num="58" type="method" name="exists" visibility="public" complexity="1" crap="1" count="27"/>
        <line num="60" type="stmt" count="27"/>
        <line num="66" type="method" name="openFile" visibility="public" complexity="1" crap="1" count="7"/>
        <line num="68" type="stmt" count="7"/>
        <line num="76" type="method" name="firstOccurrence" visibility="public" complexity="4" crap="4" count="4"/>
        <line num="78" type="stmt" count="4"/>
        <line num="80" type="stmt" count="4"/>
        <line num="81" type="stmt" count="4"/>
        <line num="82" type="stmt" count="3"/>
        <line num="86" type="stmt" count="1"/>
        <line num="94" type="method" name="lastOccurrence" visibility="public" complexity="4" crap="4" count="1"/>
        <line num="96" type="stmt" count="1"/>
        <line num="97" type="stmt" count="1"/>
        <line num="99" type="stmt" count="1"/>
        <line num="100" type="stmt" count="1"/>
        <line num="101" type="stmt" count="1"/>
        <line num="105" type="stmt" count="1"/>
        <line num="113" type="method" name="getLine" visibility="public" complexity="5" crap="5" count="2"/>
        <line num="115" type="stmt" count="2"/>
        <line num="117" type="stmt" count="2"/>
        <line num="118" type="stmt" count="2"/>
        <line num="119" type="stmt" count="1"/>
        <line num="123" type="stmt" count="1"/>
        <line num="131" type="method" name="saveFile" visibility="public" complexity="1" crap="1" count="11"/>
        <line num="133" type="stmt" count="11"/>
        <line num="140" type="method" name="convertFile" visibility="public" complexity="1" crap="1" count="1"/>
        <line num="142" type="stmt" count="1"/>
        <line num="144" type="stmt" count="1"/>
        <line num="150" type="method" name="getExtension" visibility="public" complexity="1" crap="1" count="1"/>
        <line num="152" type="stmt" count="1"/>
        <line num="158" type="method" name="countLines" visibility="public" complexity="1" crap="1" count="1"/>
        <line num="160" type="stmt" count="1"/>
        <line num="162" type="stmt" count="1"/>
        <line num="163" type="stmt" count="1"/>
        <line num="165" type="stmt" count="1"/>
        <line num="172" type="method" name="insertContent" visibility="public" complexity="6" crap="6" count="3"/>
        <line num="175" type="stmt" count="3"/>
        <line num="176" type="stmt" count="3"/>
        <line num="177" type="stmt" count="3"/>
        <line num="180" type="stmt" count="3"/>
        <line num="181" type="stmt" count="3"/>
        <line num="182" type="stmt" count="3"/>
        <line num="183" type="stmt" count="3"/>
        <line num="188" type="stmt" count="3"/>
        <line num="191" type="stmt" count="3"/>
        <line num="192" type="stmt" count="3"/>
        <line num="196" type="stmt" count="3"/>
        <line num="197" type="stmt" count="3"/>
        <line num="201" type="stmt" count="3"/>
        <line num="202" type="stmt" count="3"/>
        <line num="203" type="stmt" count="3"/>
        <line num="204" type="stmt" count="3"/>
        <line num="205" type="stmt" count="3"/>
        <line num="207" type="stmt" count="3"/>
        <line num="208" type="stmt" count="3"/>
        <line num="211" type="stmt" count="3"/>
        <line num="221" type="method" name="findLineContains" visibility="public" complexity="5" crap="5" count="3"/>
        <line num="223" type="stmt" count="3"/>
        <line num="224" type="stmt" count="1"/>
        <line num="227" type="stmt" count="2"/>
        <line num="229" type="stmt" count="2"/>
        <line num="230" type="stmt" count="2"/>
        <line num="231" type="stmt" count="1"/>
        <line num="235" type="stmt" count="1"/>
        <line num="243" type="method" name="filePutContents" visibility="public" complexity="5" crap="5" count="15"/>
        <line num="245" type="stmt" count="15"/>
        <line num="247" type="stmt" count="15"/>
        <line num="248" type="stmt" count="1"/>
        <line num="249" type="stmt" count="1"/>
        <line num="250" type="stmt" count="1"/>
        <line num="253" type="stmt" count="15"/>
        <line num="255" type="stmt" count="15"/>
        <line num="256" type="stmt" count="3"/>
        <line num="257" type="stmt" count="1"/>
        <line num="258" type="stmt" count="1"/>
        <line num="259" type="stmt" count="1"/>
        <line num="260" type="stmt" count="1"/>
        <line num="261" type="stmt" count="1"/>
        <line num="262" type="stmt" count="1"/>
        <line num="263" type="stmt" count="1"/>
        <line num="266" type="stmt" count="2"/>
        <line num="269" type="stmt" count="14"/>
        <line num="275" type="method" name="getFileContent" visibility="protected" complexity="3" crap="3" count="14"/>
        <line num="277" type="stmt" count="14"/>
        <line num="278" type="stmt" count="2"/>
        <line num="279" type="stmt" count="2"/>
        <line num="280" type="stmt" count="2"/>
        <line num="283" type="stmt" count="12"/>
        <line num="289" type="method" name="getFilename" visibility="protected" complexity="1" crap="1" count="36"/>
        <line num="291" type="stmt" count="36"/>
        <line num="298" type="method" name="findLineStartsWith" visibility="protected" complexity="4" crap="4" count="5"/>
        <line num="300" type="stmt" count="5"/>
        <line num="301" type="stmt" count="1"/>
        <line num="304" type="stmt" count="4"/>
        <line num="306" type="stmt" count="4"/>
        <line num="307" type="stmt" count="4"/>
        <line num="308" type="stmt" count="4"/>
        <line num="309" type="stmt" count="4"/>
        <line num="313" type="stmt" count="2"/>
        <line num="322" type="method" name="lineContains" visibility="private" complexity="3" crap="3" count="7"/>
        <line num="324" type="stmt" count="7"/>
        <line num="325" type="stmt" count="7"/>
        <line num="326" type="stmt" count="7"/>
        <line num="332" type="method" name="fileDoesNotExists" visibility="private" complexity="1" crap="1" count="2"/>
        <line num="334" type="stmt" count="2"/>
        <line num="335" type="stmt" count="2"/>
        <line num="336" type="stmt" count="2"/>
        <line num="343" type="method" name="prepareFileContent" visibility="private" complexity="3" crap="3" count="3"/>
        <line num="346" type="stmt" count="3"/>
        <line num="347" type="stmt" count="1"/>
        <line num="350" type="stmt" count="2"/>
        <line num="351" type="stmt" count="1"/>
        <line num="354" type="stmt" count="1"/>
        <metrics loc="357" ncloc="260" classes="1" methods="20" coveredmethods="20" conditionals="0" coveredconditionals="0" statements="112" coveredstatements="112" elements="132" coveredelements="132"/>
      </file>
      <file name="/home/runner/work/file-manipulation/file-manipulation/src/PathManipulation.php">
        <class name="MulerTech\FileManipulation\PathManipulation" namespace="MulerTech\FileManipulation">
          <metrics complexity="20" methods="7" coveredmethods="7" conditionals="0" coveredconditionals="0" statements="37" coveredstatements="37" elements="44" coveredelements="44"/>
        </class>
        <line num="24" type="method" name="folderExists" visibility="public" complexity="1" crap="1" count="14"/>
        <line num="26" type="stmt" count="14"/>
        <line num="35" type="method" name="firstExistingParentFolder" visibility="public" complexity="2" crap="2" count="6"/>
        <line num="37" type="stmt" count="6"/>
        <line num="39" type="stmt" count="6"/>
        <line num="40" type="stmt" count="6"/>
        <line num="43" type="stmt" count="2"/>
        <line num="55" type="method" name="folderCreate" visibility="public" complexity="5" crap="5" count="7"/>
        <line num="60" type="stmt" count="7"/>
        <line num="61" type="stmt" count="1"/>
        <line num="64" type="stmt" count="7"/>
        <line num="66" type="stmt" count="7"/>
        <line num="67" type="stmt" count="1"/>
        <line num="68" type="stmt" count="1"/>
        <line num="69" type="stmt" count="1"/>
        <line num="70" type="stmt" count="1"/>
        <line num="71" type="stmt" count="1"/>
        <line num="72" type="stmt" count="1"/>
        <line num="73" type="stmt" count="1"/>
        <line num="76" type="stmt" count="6"/>
        <line num="85" type="method" name="folderDelete" visibility="public" complexity="2" crap="2" count="3"/>
        <line num="87" type="stmt" count="3"/>
        <line num="97" type="method" name="fileList" visibility="public" complexity="3" crap="3" count="4"/>
        <line num="99" type="stmt" count="4"/>
        <line num="100" type="stmt" count="1"/>
        <line num="103" type="stmt" count="3"/>
        <line num="112" type="method" name="recursiveIteratorFileList" visibility="private" complexity="3" crap="3" count="1"/>
        <line num="114" type="stmt" count="1"/>
        <line num="115" type="stmt" count="1"/>
        <line num="116" type="stmt" count="1"/>
        <line num="117" type="stmt" count="1"/>
        <line num="119" type="stmt" count="1"/>
        <line num="121" type="stmt" count="1"/>
        <line num="122" type="stmt" count="1"/>
        <line num="123" type="stmt" count="1"/>
        <line num="124" type="stmt" count="1"/>
        <line num="128" type="stmt" count="1"/>
        <line num="137" type="method" name="iteratorFileList" visibility="private" complexity="4" crap="4" count="2"/>
        <line num="139" type="stmt" count="2"/>
        <line num="140" type="stmt" count="2"/>
        <line num="142" type="stmt" count="2"/>
        <line num="143" type="stmt" count="2"/>
        <line num="144" type="stmt" count="2"/>
        <line num="148" type="stmt" count="2"/>
        <metrics loc="151" ncloc="102" classes="1" methods="7" coveredmethods="7" conditionals="0" coveredconditionals="0" statements="37" coveredstatements="37" elements="44" coveredelements="44"/>
      </file>
    </package>
    <package name="MulerTech\FileManipulation\FileType">
      <file name="/home/runner/work/file-manipulation/file-manipulation/src/FileType/Env.php">
        <class name="MulerTech\FileManipulation\FileType\Env" namespace="MulerTech\FileManipulation\FileType">
          <metrics complexity="26" methods="9" coveredmethods="9" conditionals="0" coveredconditionals="0" statements="55" coveredstatements="55" elements="64" coveredelements="64"/>
        </class>
        <line num="18" type="method" name="__construct" visibility="public" complexity="1" crap="1" count="3"/>
        <line num="20" type="stmt" count="3"/>
        <line num="34" type="method" name="parseFile" visibility="public" complexity="9" crap="9" count="3"/>
        <line num="36" type="stmt" count="3"/>
        <line num="37" type="stmt" count="3"/>
        <line num="38" type="stmt" count="1"/>
        <line num="41" type="stmt" count="2"/>
        <line num="42" type="stmt" count="2"/>
        <line num="43" type="stmt" count="2"/>
        <line num="44" type="stmt" count="2"/>
        <line num="46" type="stmt" count="2"/>
        <line num="47" type="stmt" count="2"/>
        <line num="50" type="stmt" count="2"/>
        <line num="51" type="stmt" count="2"/>
        <line num="52" type="stmt" count="2"/>
        <line num="53" type="stmt" count="2"/>
        <line num="54" type="stmt" count="2"/>
        <line num="55" type="stmt" count="2"/>
        <line num="57" type="stmt" count="2"/>
        <line num="58" type="stmt" count="2"/>
        <line num="61" type="stmt" count="2"/>
        <line num="62" type="stmt" count="2"/>
        <line num="63" type="stmt" count="2"/>
        <line num="67" type="stmt" count="2"/>
        <line num="69" type="stmt" count="2"/>
        <line num="70" type="stmt" count="2"/>
        <line num="71" type="stmt" count="2"/>
        <line num="74" type="stmt" count="2"/>
        <line num="75" type="stmt" count="2"/>
        <line num="78" type="stmt" count="2"/>
        <line num="79" type="stmt" count="2"/>
        <line num="80" type="stmt" count="2"/>
        <line num="81" type="stmt" count="2"/>
        <line num="85" type="stmt" count="2"/>
        <line num="86" type="stmt" count="2"/>
        <line num="87" type="stmt" count="2"/>
        <line num="90" type="stmt" count="2"/>
        <line num="93" type="stmt" count="2"/>
        <line num="99" type="method" name="loadEnv" visibility="public" complexity="3" crap="3" count="1"/>
        <line num="101" type="stmt" count="1"/>
        <line num="103" type="stmt" count="1"/>
        <line num="104" type="stmt" count="1"/>
        <line num="105" type="stmt" count="1"/>
        <line num="116" type="method" name="shouldSkipLine" visibility="private" complexity="2" crap="2" count="2"/>
        <line num="118" type="stmt" count="2"/>
        <line num="128" type="method" name="stripInlineComment" visibility="private" complexity="3" crap="3" count="2"/>
        <line num="130" type="stmt" count="2"/>
        <line num="131" type="stmt" count="2"/>
        <line num="133" type="stmt" count="2"/>
        <line num="134" type="stmt" count="2"/>
        <line num="137" type="stmt" count="2"/>
        <line num="146" type="method" name="isMultilineStart" visibility="private" complexity="2" crap="2" count="2"/>
        <line num="148" type="stmt" count="2"/>
        <line num="157" type="method" name="isMultilineEnd" visibility="private" complexity="2" crap="2" count="2"/>
        <line num="159" type="stmt" count="2"/>
        <line num="168" type="method" name="isQuoted" visibility="private" complexity="2" crap="2" count="2"/>
        <line num="170" type="stmt" count="2"/>
        <line num="171" type="stmt" count="2"/>
        <line num="180" type="method" name="stripQuotes" visibility="private" complexity="2" crap="2" count="2"/>
        <line num="182" type="stmt" count="2"/>
        <line num="183" type="stmt" count="2"/>
        <line num="184" type="stmt" count="2"/>
        <line num="185" type="stmt" count="2"/>
        <line num="187" type="stmt" count="2"/>
        <metrics loc="190" ncloc="127" classes="1" methods="9" coveredmethods="9" conditionals="0" coveredconditionals="0" statements="55" coveredstatements="55" elements="64" coveredelements="64"/>
      </file>
      <file name="/home/runner/work/file-manipulation/file-manipulation/src/FileType/Json.php">
        <class name="MulerTech\FileManipulation\FileType\Json" namespace="MulerTech\FileManipulation\FileType">
          <metrics complexity="4" methods="3" coveredmethods="3" conditionals="0" coveredconditionals="0" statements="6" coveredstatements="6" elements="9" coveredelements="9"/>
        </class>
        <line num="20" type="method" name="__construct" visibility="public" complexity="1" crap="1" count="7"/>
        <line num="22" type="stmt" count="7"/>
        <line num="29" type="method" name="openFile" visibility="public" complexity="2" crap="2" count="4"/>
        <line num="31" type="stmt" count="4"/>
        <line num="33" type="stmt" count="4"/>
        <line num="34" type="stmt" count="1"/>
        <line num="37" type="stmt" count="3"/>
        <line num="44" type="method" name="saveFile" visibility="public" complexity="1" crap="1" count="2"/>
        <line num="46" type="stmt" count="2"/>
        <metrics loc="49" ncloc="33" classes="1" methods="3" coveredmethods="3" conditionals="0" coveredconditionals="0" statements="6" coveredstatements="6" elements="9" coveredelements="9"/>
      </file>
      <file name="/home/runner/work/file-manipulation/file-manipulation/src/FileType/Php.php">
        <class name="MulerTech\FileManipulation\FileType\Php" namespace="MulerTech\FileManipulation\FileType">
          <metrics complexity="20" methods="12" coveredmethods="12" conditionals="0" coveredconditionals="0" statements="44" coveredstatements="44" elements="56" coveredelements="56"/>
        </class>
        <line num="25" type="method" name="__construct" visibility="public" complexity="1" crap="1" count="9"/>
        <line num="27" type="stmt" count="9"/>
        <line num="35" type="method" name="fileClassName" visibility="public" complexity="2" crap="2" count="5"/>
        <line num="37" type="stmt" count="5"/>
        <line num="38" type="stmt" count="4"/>
        <line num="41" type="stmt" count="3"/>
        <line num="43" type="stmt" count="3"/>
        <line num="52" type="method" name="getClassNames" visibility="public" complexity="1" crap="1" count="1"/>
        <line num="54" type="stmt" count="1"/>
        <line num="55" type="stmt" count="1"/>
        <line num="56" type="stmt" count="1"/>
        <line num="57" type="stmt" count="1"/>
        <line num="59" type="stmt" count="1"/>
        <line num="61" type="stmt" count="1"/>
        <line num="71" type="method" name="getClassAttributeNamed" visibility="public" complexity="1" crap="1" count="2"/>
        <line num="73" type="stmt" count="2"/>
        <line num="82" type="method" name="getInstanceOfClassAttributeNamed" visibility="public" complexity="1" crap="1" count="1"/>
        <line num="84" type="stmt" count="1"/>
        <line num="93" type="method" name="getPropertiesAttributes" visibility="public" complexity="2" crap="2" count="3"/>
        <line num="95" type="stmt" count="3"/>
        <line num="96" type="stmt" count="3"/>
        <line num="98" type="stmt" count="3"/>
        <line num="99" type="stmt" count="1"/>
        <line num="102" type="stmt" count="3"/>
        <line num="111" type="method" name="getInstanceOfPropertiesAttributesNamed" visibility="public" complexity="1" crap="1" count="2"/>
        <line num="113" type="stmt" count="2"/>
        <line num="122" type="method" name="getMethodsAttributes" visibility="public" complexity="2" crap="2" count="2"/>
        <line num="124" type="stmt" count="2"/>
        <line num="125" type="stmt" count="2"/>
        <line num="127" type="stmt" count="2"/>
        <line num="128" type="stmt" count="1"/>
        <line num="131" type="stmt" count="2"/>
        <line num="140" type="method" name="getInstanceOfMethodsAttributesNamed" visibility="public" complexity="1" crap="1" count="1"/>
        <line num="142" type="stmt" count="1"/>
        <line num="149" type="method" name="extractNamespace" visibility="private" complexity="2" crap="2" count="5"/>
        <line num="151" type="stmt" count="5"/>
        <line num="153" type="stmt" count="4"/>
        <line num="154" type="stmt" count="1"/>
        <line num="157" type="stmt" count="3"/>
        <line num="164" type="method" name="extractClassName" visibility="private" complexity="3" crap="3" count="4"/>
        <line num="166" type="stmt" count="4"/>
        <line num="168" type="stmt" count="4"/>
        <line num="169" type="stmt" count="1"/>
        <line num="170" type="stmt" count="1"/>
        <line num="171" type="stmt" count="1"/>
        <line num="174" type="stmt" count="3"/>
        <line num="175" type="stmt" count="3"/>
        <line num="176" type="stmt" count="2"/>
        <line num="179" type="stmt" count="2"/>
        <line num="188" type="method" name="getAttributeInstances" visibility="private" complexity="3" crap="3" count="3"/>
        <line num="190" type="stmt" count="3"/>
        <line num="192" type="stmt" count="3"/>
        <line num="193" type="stmt" count="3"/>
        <line num="195" type="stmt" count="3"/>
        <line num="196" type="stmt" count="2"/>
        <line num="200" type="stmt" count="3"/>
        <metrics loc="203" ncloc="135" classes="1" methods="12" coveredmethods="12" conditionals="0" coveredconditionals="0" statements="44" coveredstatements="44" elements="56" coveredelements="56"/>
      </file>
      <file name="/home/runner/work/file-manipulation/file-manipulation/src/FileType/Yaml.php">
        <class name="MulerTech\FileManipulation\FileType\Yaml" namespace="MulerTech\FileManipulation\FileType">
          <metrics complexity="6" methods="3" coveredmethods="3" conditionals="0" coveredconditionals="0" statements="7" coveredstatements="7" elements="10" coveredelements="10"/>
        </class>
        <line num="20" type="method" name="__construct" visibility="public" complexity="1" crap="1" count="6"/>
        <line num="22" type="stmt" count="6"/>
        <line num="28" type="method" name="openFile" visibility="public" complexity="3" crap="3" count="4"/>
        <line num="30" type="stmt" count="4"/>
        <line num="32" type="stmt" count="3"/>
        <line num="33" type="stmt" count="1"/>
        <line num="36" type="stmt" count="2"/>
        <line num="42" type="method" name="saveFile" visibility="public" complexity="2" crap="2" count="1"/>
        <line num="44" type="stmt" count="1"/>
        <line num="46" type="stmt" count="1"/>
        <metrics loc="49" ncloc="35" classes="1" methods="3" coveredmethods="3" conditionals="0" coveredconditionals="0" statements="7" coveredstatements="7" elements="10" coveredelements="10"/>
      </file>
    </package>
    <package name="MulerTech\FileManipulation\Storage">
      <file name="/home/runner/work/file-manipulation/file-manipulation/src/Storage/DateStorage.php">
        <class name="MulerTech\FileManipulation\Storage\DateStorage" namespace="MulerTech\FileManipulation\Storage">
          <metrics complexity="8" methods="7" coveredmethods="7" conditionals="0" coveredconditionals="0" statements="12" coveredstatements="12" elements="19" coveredelements="19"/>
        </class>
        <line num="25" type="method" name="__construct" visibility="public" complexity="1" crap="1" count="2"/>
        <line num="27" type="stmt" count="2"/>
        <line num="35" type="method" name="datePath" visibility="public" complexity="1" crap="1" count="2"/>
        <line num="37" type="stmt" count="2"/>
        <line num="38" type="stmt" count="2"/>
        <line num="39" type="stmt" count="2"/>
        <line num="41" type="stmt" count="2"/>
        <line num="51" type="method" name="dateFilename" visibility="public" complexity="1" crap="1" count="1"/>
        <line num="53" type="stmt" count="1"/>
        <line num="63" type="method" name="dateTimeFilename" visibility="public" complexity="1" crap="1" count="1"/>
        <line num="65" type="stmt" count="1"/>
        <line num="73" type="method" name="ensureDirectoryExists" visibility="private" complexity="2" crap="2" count="2"/>
        <line num="75" type="stmt" count="2"/>
        <line num="76" type="stmt" count="1"/>
        <line num="79" type="stmt" count="2"/>
        <line num="87" type="method" name="getYearPath" visibility="private" complexity="1" crap="1" count="2"/>
        <line num="89" type="stmt" count="2"/>
        <line num="97" type="method" name="getMonthPath" visibility="private" complexity="1" crap="1" count="2"/>
        <line num="99" type="stmt" count="2"/>
        <metrics loc="102" ncloc="56" classes="1" methods="7" coveredmethods="7" conditionals="0" coveredconditionals="0" statements="12" coveredstatements="12" elements="19" coveredelements="19"/>
      </file>
    </package>
    <metrics files="8" loc="1136" ncloc="763" classes="7" methods="61" coveredmethods="61" conditionals="0" coveredconditionals="0" statements="273" coveredstatements="273" elements="334" coveredelements="334"/>
  </project>
</coverage>
